TN:
SF:src\app.js
FNF:0
FNH:0
DA:1,1
DA:2,1
DA:3,1
DA:4,1
DA:5,1
DA:6,1
DA:7,1
DA:8,1
LF:8
LH:8
BRF:0
BRH:0
end_of_record
TN:
SF:src\controllers\editorasController.js
FN:4,listarEditoras
FN:13,listarEditoraPorId
FN:23,cadastrarEditora
FN:40,atualizarEditora
FN:53,excluirEditora
FN:63,<static_initializer>
FN:63,listarLivrosPorEditora
FNF:7
FNH:6
FNDA:1,listarEditoras
FNDA:1,listarEditoraPorId
FNDA:2,cadastrarEditora
FNDA:3,atualizarEditora
FNDA:1,excluirEditora
FNDA:1,<static_initializer>
FNDA:0,listarLivrosPorEditora
DA:1,1
DA:2,1
DA:3,1
DA:4,1
DA:5,1
DA:6,1
DA:7,1
DA:8,1
DA:9,0
DA:10,0
DA:11,1
DA:12,1
DA:13,1
DA:14,1
DA:15,1
DA:16,1
DA:17,1
DA:18,1
DA:19,0
DA:20,0
DA:21,1
DA:22,1
DA:23,1
DA:24,2
DA:25,2
DA:26,2
DA:27,2
DA:28,1
DA:29,1
DA:30,1
DA:31,1
DA:32,1
DA:33,1
DA:34,1
DA:35,1
DA:36,0
DA:37,0
DA:38,2
DA:39,1
DA:40,1
DA:41,3
DA:42,3
DA:43,3
DA:44,3
DA:45,3
DA:46,3
DA:47,3
DA:48,3
DA:49,0
DA:50,0
DA:51,3
DA:52,1
DA:53,1
DA:54,1
DA:55,1
DA:56,1
DA:57,1
DA:58,1
DA:59,0
DA:60,0
DA:61,1
DA:62,1
DA:63,1
DA:64,0
DA:65,0
DA:66,0
DA:67,0
DA:68,0
DA:69,0
DA:70,0
DA:71,0
DA:72,0
DA:73,1
DA:74,1
DA:75,1
LF:75
LH:56
BRDA:4,0,0,1
BRDA:8,1,0,0
BRDA:13,2,0,1
BRDA:18,3,0,0
BRDA:23,4,0,2
BRDA:27,5,0,1
BRDA:36,6,0,0
BRDA:40,7,0,3
BRDA:48,8,0,0
BRDA:53,9,0,1
BRDA:58,10,0,0
BRDA:63,11,0,1
BRF:12
BRH:7
end_of_record
TN:
SF:src\models\editora.js
FN:6,Editora
FN:22,pegarEditoras
FN:26,pegarPeloId
FN:31,criar
FN:38,atualizar
FN:47,excluir
FN:54,salvar
FN:64,pegarLivrosPorEditora
FNF:8
FNH:7
FNDA:8,Editora
FNDA:1,pegarEditoras
FNDA:4,pegarPeloId
FNDA:1,criar
FNDA:3,atualizar
FNDA:1,excluir
FNDA:4,salvar
FNDA:0,pegarLivrosPorEditora
DA:1,1
DA:2,1
DA:3,1
DA:4,1
DA:5,1
DA:6,1
DA:7,8
DA:8,8
DA:9,8
DA:10,8
DA:11,8
DA:12,8
DA:13,8
DA:14,8
DA:15,8
DA:16,8
DA:17,8
DA:18,8
DA:19,8
DA:20,8
DA:21,1
DA:22,1
DA:23,1
DA:24,1
DA:25,1
DA:26,1
DA:27,4
DA:28,4
DA:29,4
DA:30,1
DA:31,1
DA:32,1
DA:33,1
DA:34,1
DA:35,1
DA:36,1
DA:37,1
DA:38,1
DA:39,3
DA:40,3
DA:41,3
DA:42,3
DA:43,3
DA:44,3
DA:45,3
DA:46,1
DA:47,1
DA:48,1
DA:49,1
DA:50,1
DA:51,1
DA:52,1
DA:53,1
DA:54,1
DA:55,4
DA:56,4
DA:57,4
DA:58,4
DA:59,3
DA:60,3
DA:61,1
DA:62,1
DA:63,1
DA:64,1
DA:65,0
DA:66,0
DA:67,0
DA:68,1
DA:69,1
DA:70,1
LF:70
LH:67
BRDA:6,0,0,8
BRDA:18,1,0,4
BRDA:19,2,0,4
BRDA:22,3,0,1
BRDA:26,4,0,4
BRDA:31,5,0,1
BRDA:33,6,0,1
BRDA:35,7,0,1
BRDA:38,8,0,3
BRDA:47,9,0,1
BRDA:54,10,0,4
BRDA:58,11,0,3
BRDA:61,12,0,1
BRF:13
BRH:13
end_of_record
